<?xml version="1.0" encoding="UTF-8"?>
<!-- Generated by org.testng.reporters.JUnitReportReporter -->
<testsuite hostname="Nehas-MBP.fios-router.home" failures="0" tests="1" name="com.mailchimp.testcases.TestNGTestCases" time="12.627" errors="0" timestamp="27 Jul 2018 23:31:49 GMT" skipped="0">
  <testcase classname="com.mailchimp.testcases.TestNGTestCases" name="testMethod" time="12.627"/>
</testsuite> <!-- com.mailchimp.testcases.TestNGTestCases -->
