<?xml version="1.0" encoding="UTF-8"?>
<!-- Generated by org.testng.reporters.JUnitReportReporter -->
<testsuite hostname="Nehas-MBP.fios-router.home" failures="0" tests="1" name="com.mailchimp.testcases.TestNGTestCases" time="11.977" errors="0" timestamp="27 Jul 2018 22:03:45 GMT" skipped="0">
  <testcase classname="com.mailchimp.testcases.TestNGTestCases" name="testMethod" time="11.977"/>
</testsuite> <!-- com.mailchimp.testcases.TestNGTestCases -->
